<?xml version="1.0" encoding="UTF-8"?>
<!-- Generated by org.testng.reporters.JUnitReportReporter -->
<testsuite skipped="0" hostname="YY120472" name="com.demo.actime.LoginPage" tests="3" failures="0" timestamp="23 Aug 2018 05:06:34 GMT" time="4.516" errors="0">
  <testcase name="verifyHomePage" time="4.172" classname="com.demo.actime.LoginPage"/>
  <testcase name="verifyTitle" time="0.010" classname="com.demo.actime.LoginPage"/>
  <testcase name="loginToApplication" time="0.334" classname="com.demo.actime.LoginPage"/>
</testsuite> <!-- com.demo.actime.LoginPage -->
