<?xml version="1.0" encoding="UTF-8"?>
<!-- Generated by org.testng.reporters.JUnitReportReporter -->
<testsuite skipped="1" hostname="YY120472" name="TestScenario1Test" tests="2" failures="0" timestamp="22 Aug 2018 09:08:56 GMT" time="20.381" errors="0">
  <testcase name="scrollTillElementIsVisiable" time="20.381" classname="TestScenario1Test"/>
  <testcase name="scenario1" classname="TestScenario1Test">
    <skipped/>
  </testcase> <!-- scenario1 -->
</testsuite> <!-- TestScenario1Test -->
